0 info it worked if it ends with ok
1 verbose cli [ '/usr/bin/node', '/usr/bin/npm', 'install', '-g', 'typescript' ]
2 info using npm@3.5.2
3 info using node@v6.11.4
4 silly loadCurrentTree Starting
5 silly install loadCurrentTree
6 silly install readGlobalPackageData
7 silly fetchPackageMetaData typescript
8 silly fetchNamedPackageData typescript
9 silly mapToRegistry name typescript
10 silly mapToRegistry using default registry
11 silly mapToRegistry registry https://registry.npmjs.org/
12 silly mapToRegistry uri https://registry.npmjs.org/typescript
13 verbose request uri https://registry.npmjs.org/typescript
14 verbose request no auth needed
15 info attempt registry request try #1 at 11:50:25 AM
16 verbose request id a2934f8654308c50
17 verbose etag W/"58369303-10737c"
18 verbose lastModified Thu, 24 Nov 2016 07:13:07 GMT
19 http request GET https://registry.npmjs.org/typescript
20 http 200 https://registry.npmjs.org/typescript
21 verbose headers { server: 'nginx/1.10.3',
21 verbose headers   'content-type': 'application/json',
21 verbose headers   'last-modified': 'Sun, 29 Oct 2017 06:12:38 GMT',
21 verbose headers   etag: 'W/"59f57156-1ea6b9"',
21 verbose headers   'content-encoding': 'gzip',
21 verbose headers   'cache-control': 'max-age=300',
21 verbose headers   'content-length': '101624',
21 verbose headers   'accept-ranges': 'bytes',
21 verbose headers   date: 'Sun, 29 Oct 2017 18:50:26 GMT',
21 verbose headers   via: '1.1 varnish',
21 verbose headers   age: '186',
21 verbose headers   connection: 'keep-alive',
21 verbose headers   'x-served-by': 'cache-sea1049-SEA',
21 verbose headers   'x-cache': 'HIT',
21 verbose headers   'x-cache-hits': '1',
21 verbose headers   'x-timer': 'S1509303026.071648,VS0,VE1',
21 verbose headers   vary: 'Accept-Encoding, Accept' }
22 silly get cb [ 200,
22 silly get   { server: 'nginx/1.10.3',
22 silly get     'content-type': 'application/json',
22 silly get     'last-modified': 'Sun, 29 Oct 2017 06:12:38 GMT',
22 silly get     etag: 'W/"59f57156-1ea6b9"',
22 silly get     'content-encoding': 'gzip',
22 silly get     'cache-control': 'max-age=300',
22 silly get     'content-length': '101624',
22 silly get     'accept-ranges': 'bytes',
22 silly get     date: 'Sun, 29 Oct 2017 18:50:26 GMT',
22 silly get     via: '1.1 varnish',
22 silly get     age: '186',
22 silly get     connection: 'keep-alive',
22 silly get     'x-served-by': 'cache-sea1049-SEA',
22 silly get     'x-cache': 'HIT',
22 silly get     'x-cache-hits': '1',
22 silly get     'x-timer': 'S1509303026.071648,VS0,VE1',
22 silly get     vary: 'Accept-Encoding, Accept' } ]
23 verbose get saving typescript to /home/richard/.npm/registry.npmjs.org/typescript/.cache.json
24 silly install normalizeTree
25 silly loadCurrentTree Finishing
26 silly loadIdealTree Starting
27 silly install loadIdealTree
28 silly cloneCurrentTree Starting
29 silly install cloneCurrentTreeToIdealTree
30 silly cloneCurrentTree Finishing
31 silly loadShrinkwrap Starting
32 silly install loadShrinkwrap
33 silly loadShrinkwrap Finishing
34 silly loadAllDepsIntoIdealTree Starting
35 silly install loadAllDepsIntoIdealTree
36 silly resolveWithNewModule typescript@2.5.3 checking installable status
37 silly cache add args [ 'typescript', null ]
38 verbose cache add spec typescript
39 silly cache add parsed spec Result {
39 silly cache add   raw: 'typescript',
39 silly cache add   scope: null,
39 silly cache add   name: 'typescript',
39 silly cache add   rawSpec: '',
39 silly cache add   spec: 'latest',
39 silly cache add   type: 'tag' }
40 silly addNamed typescript@latest
41 verbose addNamed "latest" is being treated as a dist-tag for typescript
42 info addNameTag [ 'typescript', 'latest' ]
43 silly mapToRegistry name typescript
44 silly mapToRegistry using default registry
45 silly mapToRegistry registry https://registry.npmjs.org/
46 silly mapToRegistry uri https://registry.npmjs.org/typescript
47 verbose addNameTag registry:https://registry.npmjs.org/typescript not in flight; fetching
48 verbose get https://registry.npmjs.org/typescript not expired, no request
49 silly addNameTag next cb for typescript with tag latest
50 silly addNamed typescript@2.5.3
51 verbose addNamed "2.5.3" is a plain semver version for typescript
52 silly mapToRegistry name typescript
53 silly mapToRegistry using default registry
54 silly mapToRegistry registry https://registry.npmjs.org/
55 silly mapToRegistry uri https://registry.npmjs.org/typescript
56 verbose addRemoteTarball https://registry.npmjs.org/typescript/-/typescript-2.5.3.tgz not in flight; adding
57 verbose addRemoteTarball [ 'https://registry.npmjs.org/typescript/-/typescript-2.5.3.tgz',
57 verbose addRemoteTarball   'df3dcdc38f3beb800d4bc322646b04a3f6ca7f0d' ]
58 info retry fetch attempt 1 at 11:50:26 AM
59 info attempt registry request try #1 at 11:50:26 AM
60 http fetch GET https://registry.npmjs.org/typescript/-/typescript-2.5.3.tgz
61 http fetch 200 https://registry.npmjs.org/typescript/-/typescript-2.5.3.tgz
62 silly fetchAndShaCheck shasum df3dcdc38f3beb800d4bc322646b04a3f6ca7f0d
63 verbose addTmpTarball /tmp/npm-12864-2126b111/registry.npmjs.org/typescript/-/typescript-2.5.3.tgz not in flight; adding
64 verbose addTmpTarball already have metadata; skipping unpack for typescript@2.5.3
65 silly cache afterAdd typescript@2.5.3
66 verbose afterAdd /home/richard/.npm/typescript/2.5.3/package/package.json not in flight; writing
67 verbose afterAdd /home/richard/.npm/typescript/2.5.3/package/package.json written
68 silly loadAllDepsIntoIdealTree Finishing
69 silly idealTree:prePrune lib
69 silly idealTree:prePrune └── typescript@2.5.3
70 silly loadIdealTree Finishing
71 silly currentTree lib
72 silly idealTree lib
72 silly idealTree └── typescript@2.5.3
73 silly generateActionsToTake Starting
74 silly install generateActionsToTake
75 warn checkPermissions Missing write access to /usr/local/lib
76 silly rollbackFailedOptional Starting
77 silly rollbackFailedOptional Finishing
78 silly runTopLevelLifecycles Starting
79 silly runTopLevelLifecycles Finishing
80 silly install printInstalled
81 verbose stack Error: EACCES: permission denied, access '/usr/local/lib'
81 verbose stack     at Error (native)
82 verbose cwd /home/richard/Dropbox/BusyBCurves
83 error Linux 4.13.0-16-generic
84 error argv "/usr/bin/node" "/usr/bin/npm" "install" "-g" "typescript"
85 error node v6.11.4
86 error npm  v3.5.2
87 error path /usr/local/lib
88 error code EACCES
89 error errno -13
90 error syscall access
91 error Error: EACCES: permission denied, access '/usr/local/lib'
91 error     at Error (native)
91 error  { Error: EACCES: permission denied, access '/usr/local/lib'
91 error     at Error (native)
91 error   errno: -13,
91 error   code: 'EACCES',
91 error   syscall: 'access',
91 error   path: '/usr/local/lib' }
92 error Please try running this command again as root/Administrator.
93 verbose exit [ -13, true ]
